<?xml version="1.0" encoding="UTF-8"?>
<!-- Generated by org.testng.reporters.JUnitReportReporter -->
<testsuite skipped="0" hostname="Users-MacBook-Pro.local" name="integrationTest.HomePageTest" tests="1" failures="0" timestamp="06 Apr 2020 18:20:25 GMT" time="10.613" errors="0">
  <testcase name="setCognizantTest" time="10.613" classname="integrationTest.HomePageTest"/>
</testsuite> <!-- integrationTest.HomePageTest -->
